Hash: [1m05e3b6d22fdd99bb5392[39m[22m
Version: webpack [1m3.9.1[39m[22m
Child
    Hash: [1m05e3b6d22fdd99bb5392[39m[22m
    Time: [1m4616[39m[22mms
                    [1mAsset[39m[22m     [1mSize[39m[22m  [1mChunks[39m[22m  [1m[39m[22m           [1m[39m[22m       [1mChunk Names[39m[22m
        [1m[33mb4w_app_bundle.js[39m[22m  [1m[33m5.35 MB[39m[22m       [1m0[39m[22m  [1m[32m[emitted][39m[22m  [1m[33m[big][39m[22m  main
    [1m[32mb4w_app_bundle.js.map[39m[22m  6.26 MB       [1m0[39m[22m  [1m[32m[emitted][39m[22m         main
    [1m[32mcartoon_interior.html[39m[22m  25.2 kB        [1m[39m[22m  [1m[32m[emitted][39m[22m         
       [7] [1m./src/libs/gl_matrix/vec4.js[39m[22m 14.7 kB {[1m[33m0[39m[22m}[1m[32m [built][39m[22m
       [8] [1m./src/libs/gl_matrix/quat.js[39m[22m 16.6 kB {[1m[33m0[39m[22m}[1m[32m [built][39m[22m
      [61] [1m./src/extern/main.js[39m[22m 16.8 kB {[1m[33m0[39m[22m}[1m[32m [built][39m[22m
      [84] [1mmulti ./projects/kreator_lazienki2/build/cartoon_interior.js[39m[22m 28 bytes {[1m[33m0[39m[22m}[1m[32m [built][39m[22m
      [85] [1m./projects/kreator_lazienki2/build/cartoon_interior.js[39m[22m 87.6 kB {[1m[33m0[39m[22m}[1m[32m [built][39m[22m
      [86] [1m./index.js[39m[22m 6.44 kB {[1m[33m0[39m[22m}[1m[32m [built][39m[22m
     [111] [1m./src/extern/hud.js[39m[22m 2.27 kB {[1m[33m0[39m[22m}[1m[32m [built][39m[22m
     [112] [1m./src/extern/lights.js[39m[22m 16.1 kB {[1m[33m0[39m[22m}[1m[32m [built][39m[22m
     [113] [1m./src/extern/logic_nodes.js[39m[22m 2.32 kB {[1m[33m0[39m[22m}[1m[32m [built][39m[22m
     [114] [1m./src/extern/material.js[39m[22m 67 kB {[1m[33m0[39m[22m}[1m[32m [built][39m[22m
     [115] [1m./src/extern/math.js[39m[22m 15.2 kB {[1m[33m0[39m[22m}[1m[32m [built][39m[22m
     [116] [1m./src/extern/nla.js[39m[22m 5.43 kB {[1m[33m0[39m[22m}[1m[32m [built][39m[22m
     [117] [1m./src/extern/objects.js[39m[22m 16.1 kB {[1m[33m0[39m[22m}[1m[32m [built][39m[22m
     [118] [1m./src/extern/particles.js[39m[22m 3.67 kB {[1m[33m0[39m[22m}[1m[32m [built][39m[22m
     [119] [1m./src/extern/rgb.js[39m[22m 4.54 kB {[1m[33m0[39m[22m}[1m[32m [built][39m[22m
        + 107 hidden modules
    Child [1mhtml-webpack-plugin for "cartoon_interior.html"[39m[22m:
                        [1mAsset[39m[22m    [1mSize[39m[22m  [1mChunks[39m[22m  [1m[39m[22m[1m[39m[22m[1mChunk Names[39m[22m
        [1m[32mcartoon_interior.html[39m[22m  570 kB       [1m0[39m[22m  [1m[32m[39m[22m
           [0] [1m./node_modules/html-webpack-plugin/lib/loader.js!./projects/kreator_lazienki2/build/cartoon_interior.html[39m[22m 26.1 kB {[1m[33m0[39m[22m}[1m[32m [built][39m[22m
           [2] [1m(webpack)/buildin/global.js[39m[22m 509 bytes {[1m[33m0[39m[22m}[1m[32m [built][39m[22m
           [3] [1m(webpack)/buildin/module.js[39m[22m 517 bytes {[1m[33m0[39m[22m}[1m[32m [built][39m[22m
            + 1 hidden module
